[2020-01-06 11:42:25,760] - logger.py] - INFO: ####################################################################################################开始测试####################################################################################################
[2020-01-06 11:42:25,760] - logger.py] - INFO: 用例名字:  输入正确的用户名、密码
[2020-01-06 11:42:25,760] - logger.py] - INFO: 登录账号: 18042477732
[2020-01-06 11:42:25,761] - logger.py] - INFO: 密码:  18042477732!@#A
[2020-01-06 11:42:25,761] - logger.py] - INFO: 断言： 左中右出行
[2020-01-06 11:42:25,761] - logger.py] - INFO: ####################################################################################################测试结束####################################################################################################
[2020-01-06 11:42:32,858] - logger.py] - INFO: ####################################################################################################开始测试####################################################################################################
[2020-01-06 11:42:32,859] - logger.py] - INFO: 用例名字:  输入正确的用户名、错误密码
[2020-01-06 11:42:32,859] - logger.py] - INFO: 登录账号: 18042477732
[2020-01-06 11:42:32,859] - logger.py] - INFO: 密码:  18042477732!@#
[2020-01-06 11:42:32,860] - logger.py] - INFO: 断言： 用户名或密码错误
[2020-01-06 11:42:32,860] - logger.py] - INFO: ####################################################################################################测试结束####################################################################################################
[2020-01-06 11:42:39,954] - logger.py] - INFO: ####################################################################################################开始测试####################################################################################################
[2020-01-06 11:42:39,955] - logger.py] - INFO: 用例名字:  不输入用户名、密码
[2020-01-06 11:42:39,955] - logger.py] - INFO: 登录账号: 
[2020-01-06 11:42:39,955] - logger.py] - INFO: 密码:  
[2020-01-06 11:42:39,956] - logger.py] - INFO: 断言： 请输入账号
[2020-01-06 11:42:39,956] - logger.py] - INFO: ####################################################################################################测试结束####################################################################################################
[2020-01-06 11:42:46,961] - logger.py] - INFO: ####################################################################################################开始测试####################################################################################################
[2020-01-06 11:42:46,961] - logger.py] - INFO: 用例名字:  输入正确的用户名、不输入密码
[2020-01-06 11:42:46,962] - logger.py] - INFO: 登录账号: 18042477732
[2020-01-06 11:42:46,962] - logger.py] - INFO: 密码:  
[2020-01-06 11:42:46,962] - logger.py] - INFO: 断言： 密码不能为空
[2020-01-06 11:42:46,963] - logger.py] - INFO: ####################################################################################################测试结束####################################################################################################
[2020-01-06 13:09:03,399] - logger.py] - INFO: ####################################################################################################开始测试####################################################################################################
[2020-01-06 13:09:03,400] - logger.py] - INFO: 用例名字:  什么内容都不输入、提交
[2020-01-06 13:09:03,400] - logger.py] - INFO: 登录账号: 18042477732
[2020-01-06 13:09:03,401] - logger.py] - INFO: 密码:  18042477732!@#A
[2020-01-06 13:09:03,401] - logger.py] - INFO: 断言： 左中右出行
[2020-01-06 13:09:03,401] - logger.py] - INFO: ####################################################################################################测试结束####################################################################################################
[2020-01-06 13:09:41,655] - logger.py] - INFO: ####################################################################################################开始测试####################################################################################################
[2020-01-06 13:09:41,655] - logger.py] - INFO: 用例名字:  输入正确的用户名、密码
[2020-01-06 13:09:41,655] - logger.py] - INFO: 登录账号: 18042477732
[2020-01-06 13:09:41,656] - logger.py] - INFO: 密码:  18042477732!@#A
[2020-01-06 13:09:41,656] - logger.py] - INFO: 断言： 左中右出行
[2020-01-06 13:09:41,656] - logger.py] - INFO: ####################################################################################################测试结束####################################################################################################
[2020-01-06 13:09:49,653] - logger.py] - INFO: ####################################################################################################开始测试####################################################################################################
[2020-01-06 13:09:49,653] - logger.py] - INFO: 用例名字:  输入正确的用户名、错误密码
[2020-01-06 13:09:49,654] - logger.py] - INFO: 登录账号: 18042477732
[2020-01-06 13:09:49,654] - logger.py] - INFO: 密码:  18042477732!@#
[2020-01-06 13:09:49,654] - logger.py] - INFO: 断言： 用户名或密码错误
[2020-01-06 13:09:49,655] - logger.py] - INFO: ####################################################################################################测试结束####################################################################################################
[2020-01-06 13:09:56,390] - logger.py] - INFO: ####################################################################################################开始测试####################################################################################################
[2020-01-06 13:09:56,390] - logger.py] - INFO: 用例名字:  不输入用户名、密码
[2020-01-06 13:09:56,390] - logger.py] - INFO: 登录账号: 
[2020-01-06 13:09:56,391] - logger.py] - INFO: 密码:  
[2020-01-06 13:09:56,391] - logger.py] - INFO: 断言： 请输入账号
[2020-01-06 13:09:56,391] - logger.py] - INFO: ####################################################################################################测试结束####################################################################################################
[2020-01-06 13:10:03,333] - logger.py] - INFO: ####################################################################################################开始测试####################################################################################################
[2020-01-06 13:10:03,333] - logger.py] - INFO: 用例名字:  输入正确的用户名、不输入密码
[2020-01-06 13:10:03,334] - logger.py] - INFO: 登录账号: 18042477732
[2020-01-06 13:10:03,334] - logger.py] - INFO: 密码:  
[2020-01-06 13:10:03,334] - logger.py] - INFO: 断言： 密码不能为空
[2020-01-06 13:10:03,335] - logger.py] - INFO: ####################################################################################################测试结束####################################################################################################
[2020-01-06 13:10:13,379] - logger.py] - INFO: ####################################################################################################开始测试####################################################################################################
[2020-01-06 13:10:13,380] - logger.py] - INFO: 用例名字:  什么内容都不输入、提交
[2020-01-06 13:10:13,380] - logger.py] - INFO: 登录账号: 18042477732
[2020-01-06 13:10:13,381] - logger.py] - INFO: 密码:  18042477732!@#A
[2020-01-06 13:10:13,381] - logger.py] - INFO: 断言： 左中右出行
[2020-01-06 13:10:13,381] - logger.py] - INFO: ####################################################################################################测试结束####################################################################################################
[2020-01-06 13:22:20,284] - logger.py] - INFO: ####################################################################################################开始测试####################################################################################################
[2020-01-06 13:22:20,284] - logger.py] - INFO: 用例名字:  输入正确的用户名、密码
[2020-01-06 13:22:20,285] - logger.py] - INFO: 登录账号: 18042477732
[2020-01-06 13:22:20,285] - logger.py] - INFO: 密码:  18042477732!@#A
[2020-01-06 13:22:20,285] - logger.py] - INFO: 断言： 左中右出行
[2020-01-06 13:22:20,285] - logger.py] - INFO: ####################################################################################################测试结束####################################################################################################
[2020-01-06 13:22:27,251] - logger.py] - INFO: ####################################################################################################开始测试####################################################################################################
[2020-01-06 13:22:27,251] - logger.py] - INFO: 用例名字:  输入正确的用户名、错误密码
[2020-01-06 13:22:27,251] - logger.py] - INFO: 登录账号: 18042477732
[2020-01-06 13:22:27,252] - logger.py] - INFO: 密码:  18042477732!@#
[2020-01-06 13:22:27,252] - logger.py] - INFO: 断言： 用户名或密码错误
[2020-01-06 13:22:27,252] - logger.py] - INFO: ####################################################################################################测试结束####################################################################################################
[2020-01-06 13:22:34,101] - logger.py] - INFO: ####################################################################################################开始测试####################################################################################################
[2020-01-06 13:22:34,102] - logger.py] - INFO: 用例名字:  不输入用户名、密码
[2020-01-06 13:22:34,102] - logger.py] - INFO: 登录账号: 
[2020-01-06 13:22:34,102] - logger.py] - INFO: 密码:  
[2020-01-06 13:22:34,103] - logger.py] - INFO: 断言： 请输入账号
[2020-01-06 13:22:34,103] - logger.py] - INFO: ####################################################################################################测试结束####################################################################################################
[2020-01-06 13:22:41,050] - logger.py] - INFO: ####################################################################################################开始测试####################################################################################################
[2020-01-06 13:22:41,050] - logger.py] - INFO: 用例名字:  输入正确的用户名、不输入密码
[2020-01-06 13:22:41,051] - logger.py] - INFO: 登录账号: 18042477732
[2020-01-06 13:22:41,051] - logger.py] - INFO: 密码:  
[2020-01-06 13:22:41,051] - logger.py] - INFO: 断言： 密码不能为空
[2020-01-06 13:22:41,052] - logger.py] - INFO: ####################################################################################################测试结束####################################################################################################
[2020-01-06 13:22:50,844] - logger.py] - INFO: ####################################################################################################开始测试####################################################################################################
[2020-01-06 13:22:50,844] - logger.py] - INFO: 用例名字:  什么内容都不输入、提交
[2020-01-06 13:22:50,844] - logger.py] - INFO: 登录账号: 18042477732
[2020-01-06 13:22:50,845] - logger.py] - INFO: 密码:  18042477732!@#A
[2020-01-06 13:22:50,845] - logger.py] - INFO: 断言： 左中右出行
[2020-01-06 13:22:50,845] - logger.py] - INFO: ####################################################################################################测试结束####################################################################################################
[2020-01-06 13:26:01,269] - logger.py] - INFO: ####################################################################################################开始测试####################################################################################################
[2020-01-06 13:26:01,269] - logger.py] - INFO: 用例名字:  输入正确的用户名、密码
[2020-01-06 13:26:01,269] - logger.py] - INFO: 登录账号: 18042477732
[2020-01-06 13:26:01,270] - logger.py] - INFO: 密码:  18042477732!@#A
[2020-01-06 13:26:01,270] - logger.py] - INFO: 断言： 左中右出行
[2020-01-06 13:26:01,271] - logger.py] - INFO: ####################################################################################################测试结束####################################################################################################
[2020-01-06 13:26:08,282] - logger.py] - INFO: ####################################################################################################开始测试####################################################################################################
[2020-01-06 13:26:08,283] - logger.py] - INFO: 用例名字:  输入正确的用户名、错误密码
[2020-01-06 13:26:08,283] - logger.py] - INFO: 登录账号: 18042477732
[2020-01-06 13:26:08,284] - logger.py] - INFO: 密码:  18042477732!@#
[2020-01-06 13:26:08,284] - logger.py] - INFO: 断言： 用户名或密码错误
[2020-01-06 13:26:08,284] - logger.py] - INFO: ####################################################################################################测试结束####################################################################################################
[2020-01-06 13:26:14,947] - logger.py] - INFO: ####################################################################################################开始测试####################################################################################################
[2020-01-06 13:26:14,947] - logger.py] - INFO: 用例名字:  不输入用户名、密码
[2020-01-06 13:26:14,948] - logger.py] - INFO: 登录账号: 
[2020-01-06 13:26:14,948] - logger.py] - INFO: 密码:  
[2020-01-06 13:26:14,948] - logger.py] - INFO: 断言： 请输入账号
[2020-01-06 13:26:14,949] - logger.py] - INFO: ####################################################################################################测试结束####################################################################################################
[2020-01-06 13:26:21,734] - logger.py] - INFO: ####################################################################################################开始测试####################################################################################################
[2020-01-06 13:26:21,735] - logger.py] - INFO: 用例名字:  输入正确的用户名、不输入密码
[2020-01-06 13:26:21,735] - logger.py] - INFO: 登录账号: 18042477732
[2020-01-06 13:26:21,735] - logger.py] - INFO: 密码:  
[2020-01-06 13:26:21,736] - logger.py] - INFO: 断言： 密码不能为空
[2020-01-06 13:26:21,736] - logger.py] - INFO: ####################################################################################################测试结束####################################################################################################
[2020-01-06 13:26:31,657] - logger.py] - INFO: ####################################################################################################开始测试####################################################################################################
[2020-01-06 13:26:31,658] - logger.py] - INFO: 用例名字:  什么内容都不输入、提交
[2020-01-06 13:26:31,658] - logger.py] - INFO: 登录账号: 18042477732
[2020-01-06 13:26:31,659] - logger.py] - INFO: 密码:  18042477732!@#A
[2020-01-06 13:26:31,659] - logger.py] - INFO: 断言： 左中右出行
[2020-01-06 13:26:31,659] - logger.py] - INFO: ####################################################################################################测试结束####################################################################################################
[2020-01-06 13:26:45,299] - logger.py] - INFO: ####################################################################################################开始测试####################################################################################################
[2020-01-06 13:26:45,300] - logger.py] - INFO: 用例名字:  输入正确的用户名、密码
[2020-01-06 13:26:45,300] - logger.py] - INFO: 登录账号: 18042477732
[2020-01-06 13:26:45,300] - logger.py] - INFO: 密码:  18042477732!@#A
[2020-01-06 13:26:45,301] - logger.py] - INFO: 断言： 左中右出行
[2020-01-06 13:26:45,301] - logger.py] - INFO: ####################################################################################################测试结束####################################################################################################
[2020-01-06 13:26:52,032] - logger.py] - INFO: ####################################################################################################开始测试####################################################################################################
[2020-01-06 13:26:52,033] - logger.py] - INFO: 用例名字:  输入正确的用户名、错误密码
[2020-01-06 13:26:52,033] - logger.py] - INFO: 登录账号: 18042477732
[2020-01-06 13:26:52,034] - logger.py] - INFO: 密码:  18042477732!@#
[2020-01-06 13:26:52,034] - logger.py] - INFO: 断言： 用户名或密码错误
[2020-01-06 13:26:52,034] - logger.py] - INFO: ####################################################################################################测试结束####################################################################################################
[2020-01-06 13:26:58,752] - logger.py] - INFO: ####################################################################################################开始测试####################################################################################################
[2020-01-06 13:26:58,752] - logger.py] - INFO: 用例名字:  不输入用户名、密码
[2020-01-06 13:26:58,753] - logger.py] - INFO: 登录账号: 
[2020-01-06 13:26:58,753] - logger.py] - INFO: 密码:  
[2020-01-06 13:26:58,753] - logger.py] - INFO: 断言： 请输入账号
[2020-01-06 13:26:58,754] - logger.py] - INFO: ####################################################################################################测试结束####################################################################################################
[2020-01-06 13:27:05,675] - logger.py] - INFO: ####################################################################################################开始测试####################################################################################################
[2020-01-06 13:27:05,675] - logger.py] - INFO: 用例名字:  输入正确的用户名、不输入密码
[2020-01-06 13:27:05,675] - logger.py] - INFO: 登录账号: 18042477732
[2020-01-06 13:27:05,676] - logger.py] - INFO: 密码:  
[2020-01-06 13:27:05,676] - logger.py] - INFO: 断言： 密码不能为空
[2020-01-06 13:27:05,676] - logger.py] - INFO: ####################################################################################################测试结束####################################################################################################
[2020-01-06 13:27:15,555] - logger.py] - INFO: ####################################################################################################开始测试####################################################################################################
[2020-01-06 13:27:15,556] - logger.py] - INFO: 用例名字:  什么内容都不输入、提交
[2020-01-06 13:27:15,556] - logger.py] - INFO: 登录账号: 18042477732
[2020-01-06 13:27:15,556] - logger.py] - INFO: 密码:  18042477732!@#A
[2020-01-06 13:27:15,556] - logger.py] - INFO: 断言： 左中右出行
[2020-01-06 13:27:15,557] - logger.py] - INFO: ####################################################################################################测试结束####################################################################################################
