[2020-01-04 18:36:10,792] - logger.py] - INFO: ####################################################################################################开始测试####################################################################################################
[2020-01-04 18:36:10,793] - logger.py] - INFO: 用例名字:  输入正确的用户名、密码
[2020-01-04 18:36:10,793] - logger.py] - INFO: 登录账号: 18042477732
[2020-01-04 18:36:10,793] - logger.py] - INFO: 密码:  18042477732!@#A
[2020-01-04 18:36:10,794] - logger.py] - INFO: 断言： 左中右出行
[2020-01-04 18:36:10,794] - logger.py] - INFO: ####################################################################################################测试结束####################################################################################################
[2020-01-04 18:36:17,642] - logger.py] - INFO: ####################################################################################################开始测试####################################################################################################
[2020-01-04 18:36:17,642] - logger.py] - INFO: 用例名字:  输入正确的用户名、错误密码
[2020-01-04 18:36:17,643] - logger.py] - INFO: 登录账号: 18042477732
[2020-01-04 18:36:17,643] - logger.py] - INFO: 密码:  18042477732!@#
[2020-01-04 18:36:17,643] - logger.py] - INFO: 断言： 左中右出行
[2020-01-04 18:36:17,644] - logger.py] - INFO: ####################################################################################################测试结束####################################################################################################
[2020-01-04 18:37:03,374] - logger.py] - INFO: ####################################################################################################开始测试####################################################################################################
[2020-01-04 18:37:03,375] - logger.py] - INFO: 用例名字:  输入正确的用户名、密码
[2020-01-04 18:37:03,375] - logger.py] - INFO: 登录账号: 18042477732
[2020-01-04 18:37:03,376] - logger.py] - INFO: 密码:  18042477732!@#A
[2020-01-04 18:37:03,376] - logger.py] - INFO: 断言： 左中右出行
[2020-01-04 18:37:03,376] - logger.py] - INFO: ####################################################################################################测试结束####################################################################################################
[2020-01-04 18:37:10,204] - logger.py] - INFO: ####################################################################################################开始测试####################################################################################################
[2020-01-04 18:37:10,204] - logger.py] - INFO: 用例名字:  输入正确的用户名、错误密码
[2020-01-04 18:37:10,204] - logger.py] - INFO: 登录账号: 18042477732
[2020-01-04 18:37:10,205] - logger.py] - INFO: 密码:  18042477732!@#
[2020-01-04 18:37:10,205] - logger.py] - INFO: 断言： 左中右出行
[2020-01-04 18:37:10,205] - logger.py] - INFO: ####################################################################################################测试结束####################################################################################################
[2020-01-04 18:37:17,082] - logger.py] - INFO: ####################################################################################################开始测试####################################################################################################
[2020-01-04 18:37:17,082] - logger.py] - INFO: 用例名字:  不输入用户名、密码
[2020-01-04 18:37:17,083] - logger.py] - INFO: 登录账号: 
[2020-01-04 18:37:17,083] - logger.py] - INFO: 密码:  
[2020-01-04 18:37:17,083] - logger.py] - INFO: 断言： 左中右出行
[2020-01-04 18:37:17,083] - logger.py] - INFO: ####################################################################################################测试结束####################################################################################################
[2020-01-04 18:37:24,069] - logger.py] - INFO: ####################################################################################################开始测试####################################################################################################
[2020-01-04 18:37:24,069] - logger.py] - INFO: 用例名字:  输入正确的用户名、不输入密码
[2020-01-04 18:37:24,069] - logger.py] - INFO: 登录账号: 18042477732
[2020-01-04 18:37:24,070] - logger.py] - INFO: 密码:  
[2020-01-04 18:37:24,070] - logger.py] - INFO: 断言： 左中右出行
[2020-01-04 18:37:24,070] - logger.py] - INFO: ####################################################################################################测试结束####################################################################################################
[2020-01-04 18:41:12,366] - logger.py] - INFO: ####################################################################################################开始测试####################################################################################################
[2020-01-04 18:41:12,367] - logger.py] - INFO: 用例名字:  输入正确的用户名、密码
[2020-01-04 18:41:12,367] - logger.py] - INFO: 登录账号: 18042477732
[2020-01-04 18:41:12,367] - logger.py] - INFO: 密码:  18042477732!@#A
[2020-01-04 18:41:12,368] - logger.py] - INFO: 断言： 左中右出行
[2020-01-04 18:41:12,368] - logger.py] - INFO: ####################################################################################################测试结束####################################################################################################
[2020-01-04 18:41:19,301] - logger.py] - INFO: ####################################################################################################开始测试####################################################################################################
[2020-01-04 18:41:19,302] - logger.py] - INFO: 用例名字:  输入正确的用户名、错误密码
[2020-01-04 18:41:19,302] - logger.py] - INFO: 登录账号: 18042477732
[2020-01-04 18:41:19,302] - logger.py] - INFO: 密码:  18042477732!@#
[2020-01-04 18:41:19,303] - logger.py] - INFO: 断言： 用户名或密码错误
[2020-01-04 18:41:19,303] - logger.py] - INFO: ####################################################################################################测试结束####################################################################################################
[2020-01-04 18:41:25,916] - logger.py] - INFO: ####################################################################################################开始测试####################################################################################################
[2020-01-04 18:41:25,917] - logger.py] - INFO: 用例名字:  不输入用户名、密码
[2020-01-04 18:41:25,917] - logger.py] - INFO: 登录账号: 
[2020-01-04 18:41:25,918] - logger.py] - INFO: 密码:  
[2020-01-04 18:41:25,918] - logger.py] - INFO: 断言： 请输入账号
[2020-01-04 18:41:25,918] - logger.py] - INFO: ####################################################################################################测试结束####################################################################################################
[2020-01-04 18:41:32,680] - logger.py] - INFO: ####################################################################################################开始测试####################################################################################################
[2020-01-04 18:41:32,681] - logger.py] - INFO: 用例名字:  输入正确的用户名、不输入密码
[2020-01-04 18:41:32,681] - logger.py] - INFO: 登录账号: 18042477732
[2020-01-04 18:41:32,681] - logger.py] - INFO: 密码:  
[2020-01-04 18:41:32,682] - logger.py] - INFO: 断言： 密码不能为空
[2020-01-04 18:41:32,682] - logger.py] - INFO: ####################################################################################################测试结束####################################################################################################
[2020-01-04 18:43:35,176] - logger.py] - INFO: ####################################################################################################开始测试####################################################################################################
[2020-01-04 18:43:35,176] - logger.py] - INFO: 用例名字:  输入正确的用户名、密码
[2020-01-04 18:43:35,177] - logger.py] - INFO: 登录账号: 18042477732
[2020-01-04 18:43:35,177] - logger.py] - INFO: 密码:  18042477732!@#A
[2020-01-04 18:43:35,177] - logger.py] - INFO: 断言： 左中右出行
[2020-01-04 18:43:35,178] - logger.py] - INFO: ####################################################################################################测试结束####################################################################################################
[2020-01-04 18:43:42,055] - logger.py] - INFO: ####################################################################################################开始测试####################################################################################################
[2020-01-04 18:43:42,055] - logger.py] - INFO: 用例名字:  输入正确的用户名、错误密码
[2020-01-04 18:43:42,055] - logger.py] - INFO: 登录账号: 18042477732
[2020-01-04 18:43:42,056] - logger.py] - INFO: 密码:  18042477732!@#
[2020-01-04 18:43:42,056] - logger.py] - INFO: 断言： 用户名或密码错误
[2020-01-04 18:43:42,056] - logger.py] - INFO: ####################################################################################################测试结束####################################################################################################
[2020-01-04 18:43:48,935] - logger.py] - INFO: ####################################################################################################开始测试####################################################################################################
[2020-01-04 18:43:48,935] - logger.py] - INFO: 用例名字:  不输入用户名、密码
[2020-01-04 18:43:48,936] - logger.py] - INFO: 登录账号: 
[2020-01-04 18:43:48,936] - logger.py] - INFO: 密码:  
[2020-01-04 18:43:48,937] - logger.py] - INFO: 断言： 请输入账号
[2020-01-04 18:43:48,937] - logger.py] - INFO: ####################################################################################################测试结束####################################################################################################
[2020-01-04 18:44:41,105] - logger.py] - INFO: ####################################################################################################开始测试####################################################################################################
[2020-01-04 18:44:41,105] - logger.py] - INFO: 用例名字:  输入正确的用户名、密码
[2020-01-04 18:44:41,105] - logger.py] - INFO: 登录账号: 18042477732
[2020-01-04 18:44:41,106] - logger.py] - INFO: 密码:  18042477732!@#A
[2020-01-04 18:44:41,106] - logger.py] - INFO: 断言： 左中右出行
[2020-01-04 18:44:41,106] - logger.py] - INFO: ####################################################################################################测试结束####################################################################################################
[2020-01-04 18:44:47,929] - logger.py] - INFO: ####################################################################################################开始测试####################################################################################################
[2020-01-04 18:44:47,929] - logger.py] - INFO: 用例名字:  输入正确的用户名、错误密码
[2020-01-04 18:44:47,929] - logger.py] - INFO: 登录账号: 18042477732
[2020-01-04 18:44:47,930] - logger.py] - INFO: 密码:  18042477732!@#
[2020-01-04 18:44:47,930] - logger.py] - INFO: 断言： 用户名或密码错误
[2020-01-04 18:44:47,930] - logger.py] - INFO: ####################################################################################################测试结束####################################################################################################
[2020-01-04 18:44:54,664] - logger.py] - INFO: ####################################################################################################开始测试####################################################################################################
[2020-01-04 18:44:54,665] - logger.py] - INFO: 用例名字:  不输入用户名、密码
[2020-01-04 18:44:54,665] - logger.py] - INFO: 登录账号: 
[2020-01-04 18:44:54,665] - logger.py] - INFO: 密码:  
[2020-01-04 18:44:54,666] - logger.py] - INFO: 断言： 请输入账号
[2020-01-04 18:44:54,666] - logger.py] - INFO: ####################################################################################################测试结束####################################################################################################
[2020-01-04 18:45:57,408] - logger.py] - INFO: ####################################################################################################开始测试####################################################################################################
[2020-01-04 18:45:57,408] - logger.py] - INFO: 用例名字:  输入正确的用户名、密码
[2020-01-04 18:45:57,409] - logger.py] - INFO: 登录账号: 18042477732
[2020-01-04 18:45:57,409] - logger.py] - INFO: 密码:  18042477732!@#A
[2020-01-04 18:45:57,409] - logger.py] - INFO: 断言： 左中右出行
[2020-01-04 18:45:57,410] - logger.py] - INFO: ####################################################################################################测试结束####################################################################################################
[2020-01-04 18:46:34,266] - logger.py] - INFO: ####################################################################################################开始测试####################################################################################################
[2020-01-04 18:46:34,266] - logger.py] - INFO: 用例名字:  不输入用户名、密码
[2020-01-04 18:46:34,266] - logger.py] - INFO: 登录账号: 
[2020-01-04 18:46:34,267] - logger.py] - INFO: 密码:  
[2020-01-04 18:46:34,267] - logger.py] - INFO: 断言： 请输入账号
[2020-01-04 18:46:34,267] - logger.py] - INFO: ####################################################################################################测试结束####################################################################################################
[2020-01-04 18:46:41,058] - logger.py] - INFO: ####################################################################################################开始测试####################################################################################################
[2020-01-04 18:46:41,058] - logger.py] - INFO: 用例名字:  输入正确的用户名、不输入密码
[2020-01-04 18:46:41,058] - logger.py] - INFO: 登录账号: 18042477732
[2020-01-04 18:46:41,059] - logger.py] - INFO: 密码:  
[2020-01-04 18:46:41,059] - logger.py] - INFO: 断言： 密码不能为空
[2020-01-04 18:46:41,059] - logger.py] - INFO: ####################################################################################################测试结束####################################################################################################
[2020-01-04 18:47:13,136] - logger.py] - INFO: ####################################################################################################开始测试####################################################################################################
[2020-01-04 18:47:13,137] - logger.py] - INFO: 用例名字:  输入正确的用户名、密码
[2020-01-04 18:47:13,137] - logger.py] - INFO: 登录账号: 18042477732
[2020-01-04 18:47:13,138] - logger.py] - INFO: 密码:  18042477732!@#A
[2020-01-04 18:47:13,138] - logger.py] - INFO: 断言： 左中右出行
[2020-01-04 18:47:13,138] - logger.py] - INFO: ####################################################################################################测试结束####################################################################################################
[2020-01-04 18:47:19,987] - logger.py] - INFO: ####################################################################################################开始测试####################################################################################################
[2020-01-04 18:47:19,988] - logger.py] - INFO: 用例名字:  输入正确的用户名、错误密码
[2020-01-04 18:47:19,988] - logger.py] - INFO: 登录账号: 18042477732
[2020-01-04 18:47:19,988] - logger.py] - INFO: 密码:  18042477732!@#
[2020-01-04 18:47:19,989] - logger.py] - INFO: 断言： 用户名或密码错误
[2020-01-04 18:47:19,989] - logger.py] - INFO: ####################################################################################################测试结束####################################################################################################
[2020-01-04 18:47:26,572] - logger.py] - INFO: ####################################################################################################开始测试####################################################################################################
[2020-01-04 18:47:26,573] - logger.py] - INFO: 用例名字:  不输入用户名、密码
[2020-01-04 18:47:26,573] - logger.py] - INFO: 登录账号: 
[2020-01-04 18:47:26,573] - logger.py] - INFO: 密码:  
[2020-01-04 18:47:26,574] - logger.py] - INFO: 断言： 请输入账号
[2020-01-04 18:47:26,574] - logger.py] - INFO: ####################################################################################################测试结束####################################################################################################
[2020-01-04 18:47:33,272] - logger.py] - INFO: ####################################################################################################开始测试####################################################################################################
[2020-01-04 18:47:33,272] - logger.py] - INFO: 用例名字:  输入正确的用户名、不输入密码
[2020-01-04 18:47:33,273] - logger.py] - INFO: 登录账号: 18042477732
[2020-01-04 18:47:33,273] - logger.py] - INFO: 密码:  
[2020-01-04 18:47:33,273] - logger.py] - INFO: 断言： 密码不能为空
[2020-01-04 18:47:33,274] - logger.py] - INFO: ####################################################################################################测试结束####################################################################################################
